Determining if the Q_WS_WIN exist failed with the following output:
Change Dir: /home/space/Projects/KnotDisentangler2/build/CMakeFiles/CMakeTmp

Run Build Command:"/bin/gmake" "cmTryCompileExec1615859093/fast"
/bin/gmake -f CMakeFiles/cmTryCompileExec1615859093.dir/build.make CMakeFiles/cmTryCompileExec1615859093.dir/build
gmake[1]: Entering directory '/home/space/Projects/KnotDisentangler2/build/CMakeFiles/CMakeTmp'
/usr/bin/cmake -E cmake_progress_report /home/space/Projects/KnotDisentangler2/build/CMakeFiles/CMakeTmp/CMakeFiles 1
Building CXX object CMakeFiles/cmTryCompileExec1615859093.dir/CheckSymbolExists.cxx.o
/bin/c++     -o CMakeFiles/cmTryCompileExec1615859093.dir/CheckSymbolExists.cxx.o -c /home/space/Projects/KnotDisentangler2/build/CMakeFiles/CMakeTmp/CheckSymbolExists.cxx
/home/space/Projects/KnotDisentangler2/build/CMakeFiles/CMakeTmp/CheckSymbolExists.cxx: In function ‘int main(int, char**)’:
/home/space/Projects/KnotDisentangler2/build/CMakeFiles/CMakeTmp/CheckSymbolExists.cxx:8:19: error: ‘Q_WS_WIN’ was not declared in this scope
   return ((int*)(&Q_WS_WIN))[argc];
                   ^
CMakeFiles/cmTryCompileExec1615859093.dir/build.make:57: recipe for target 'CMakeFiles/cmTryCompileExec1615859093.dir/CheckSymbolExists.cxx.o' failed
gmake[1]: *** [CMakeFiles/cmTryCompileExec1615859093.dir/CheckSymbolExists.cxx.o] Error 1
gmake[1]: Leaving directory '/home/space/Projects/KnotDisentangler2/build/CMakeFiles/CMakeTmp'
Makefile:118: recipe for target 'cmTryCompileExec1615859093/fast' failed
gmake: *** [cmTryCompileExec1615859093/fast] Error 2

File /home/space/Projects/KnotDisentangler2/build/CMakeFiles/CMakeTmp/CheckSymbolExists.cxx:
/* */
#include <QtCore/qglobal.h>

int main(int argc, char** argv)
{
  (void)argv;
#ifndef Q_WS_WIN
  return ((int*)(&Q_WS_WIN))[argc];
#else
  (void)argc;
  return 0;
#endif
}

Determining if the Q_WS_QWS exist failed with the following output:
Change Dir: /home/space/Projects/KnotDisentangler2/build/CMakeFiles/CMakeTmp

Run Build Command:"/bin/gmake" "cmTryCompileExec520772627/fast"
/bin/gmake -f CMakeFiles/cmTryCompileExec520772627.dir/build.make CMakeFiles/cmTryCompileExec520772627.dir/build
gmake[1]: Entering directory '/home/space/Projects/KnotDisentangler2/build/CMakeFiles/CMakeTmp'
/usr/bin/cmake -E cmake_progress_report /home/space/Projects/KnotDisentangler2/build/CMakeFiles/CMakeTmp/CMakeFiles 1
Building CXX object CMakeFiles/cmTryCompileExec520772627.dir/CheckSymbolExists.cxx.o
/bin/c++     -o CMakeFiles/cmTryCompileExec520772627.dir/CheckSymbolExists.cxx.o -c /home/space/Projects/KnotDisentangler2/build/CMakeFiles/CMakeTmp/CheckSymbolExists.cxx
/home/space/Projects/KnotDisentangler2/build/CMakeFiles/CMakeTmp/CheckSymbolExists.cxx: In function ‘int main(int, char**)’:
/home/space/Projects/KnotDisentangler2/build/CMakeFiles/CMakeTmp/CheckSymbolExists.cxx:8:19: error: ‘Q_WS_QWS’ was not declared in this scope
   return ((int*)(&Q_WS_QWS))[argc];
                   ^
CMakeFiles/cmTryCompileExec520772627.dir/build.make:57: recipe for target 'CMakeFiles/cmTryCompileExec520772627.dir/CheckSymbolExists.cxx.o' failed
gmake[1]: *** [CMakeFiles/cmTryCompileExec520772627.dir/CheckSymbolExists.cxx.o] Error 1
gmake[1]: Leaving directory '/home/space/Projects/KnotDisentangler2/build/CMakeFiles/CMakeTmp'
Makefile:118: recipe for target 'cmTryCompileExec520772627/fast' failed
gmake: *** [cmTryCompileExec520772627/fast] Error 2

File /home/space/Projects/KnotDisentangler2/build/CMakeFiles/CMakeTmp/CheckSymbolExists.cxx:
/* */
#include <QtCore/qglobal.h>

int main(int argc, char** argv)
{
  (void)argv;
#ifndef Q_WS_QWS
  return ((int*)(&Q_WS_QWS))[argc];
#else
  (void)argc;
  return 0;
#endif
}

Determining if the Q_WS_MAC exist failed with the following output:
Change Dir: /home/space/Projects/KnotDisentangler2/build/CMakeFiles/CMakeTmp

Run Build Command:"/bin/gmake" "cmTryCompileExec150639251/fast"
/bin/gmake -f CMakeFiles/cmTryCompileExec150639251.dir/build.make CMakeFiles/cmTryCompileExec150639251.dir/build
gmake[1]: Entering directory '/home/space/Projects/KnotDisentangler2/build/CMakeFiles/CMakeTmp'
/usr/bin/cmake -E cmake_progress_report /home/space/Projects/KnotDisentangler2/build/CMakeFiles/CMakeTmp/CMakeFiles 1
Building CXX object CMakeFiles/cmTryCompileExec150639251.dir/CheckSymbolExists.cxx.o
/bin/c++     -o CMakeFiles/cmTryCompileExec150639251.dir/CheckSymbolExists.cxx.o -c /home/space/Projects/KnotDisentangler2/build/CMakeFiles/CMakeTmp/CheckSymbolExists.cxx
/home/space/Projects/KnotDisentangler2/build/CMakeFiles/CMakeTmp/CheckSymbolExists.cxx: In function ‘int main(int, char**)’:
/home/space/Projects/KnotDisentangler2/build/CMakeFiles/CMakeTmp/CheckSymbolExists.cxx:8:19: error: ‘Q_WS_MAC’ was not declared in this scope
   return ((int*)(&Q_WS_MAC))[argc];
                   ^
CMakeFiles/cmTryCompileExec150639251.dir/build.make:57: recipe for target 'CMakeFiles/cmTryCompileExec150639251.dir/CheckSymbolExists.cxx.o' failed
gmake[1]: Leaving directory '/home/space/Projects/KnotDisentangler2/build/CMakeFiles/CMakeTmp'
gmake[1]: *** [CMakeFiles/cmTryCompileExec150639251.dir/CheckSymbolExists.cxx.o] Error 1
Makefile:118: recipe for target 'cmTryCompileExec150639251/fast' failed
gmake: *** [cmTryCompileExec150639251/fast] Error 2

File /home/space/Projects/KnotDisentangler2/build/CMakeFiles/CMakeTmp/CheckSymbolExists.cxx:
/* */
#include <QtCore/qglobal.h>

int main(int argc, char** argv)
{
  (void)argv;
#ifndef Q_WS_MAC
  return ((int*)(&Q_WS_MAC))[argc];
#else
  (void)argc;
  return 0;
#endif
}

